# JRE version: OpenJDK Runtime Environment (11.0.10) (build 11.0.10+0-b96-7249189)
# Java VM: OpenJDK 64-Bit Server VM (11.0.10+0-b96-7249189, mixed mode, tiered, compressed oops, g1 gc, windows-amd64)
Heap:
 garbage-first heap   total 592896K, used 247681K [0x0000000080000000, 0x0000000100000000)
  region size 1024K, 8 young (8192K), 8 survivors (8192K)
 Metaspace       used 157541K, capacity 162483K, committed 164864K, reserved 1191936K
  class space    used 19220K, capacity 21049K, committed 21760K, reserved 1048576K
GC Heap History (20 events):
Event: 12521.930 GC heap after
{Heap after GC invocations=143 (full 0):
 garbage-first heap   total 324608K, used 143149K [0x0000000080000000, 0x0000000100000000)
  region size 1024K, 2 young (2048K), 2 survivors (2048K)
 Metaspace       used 157371K, capacity 162330K, committed 164864K, reserved 1191936K
  class space    used 19216K, capacity 21044K, committed 21760K, reserved 1048576K
}
Event: 12522.001 GC heap before
{Heap before GC invocations=143 (full 0):
 garbage-first heap   total 324608K, used 156461K [0x0000000080000000, 0x0000000100000000)
  region size 1024K, 15 young (15360K), 2 survivors (2048K)
 Metaspace       used 157376K, capacity 162330K, committed 164864K, reserved 1191936K
  class space    used 19216K, capacity 21044K, committed 21760K, reserved 1048576K
}
Event: 12522.012 GC heap after
{Heap after GC invocations=144 (full 0):
 garbage-first heap   total 324608K, used 141610K [0x0000000080000000, 0x0000000100000000)
  region size 1024K, 1 young (1024K), 1 survivors (1024K)
 Metaspace       used 157376K, capacity 162330K, committed 164864K, reserved 1191936K
  class space    used 19216K, capacity 21044K, committed 21760K, reserved 1048576K
}
Event: 12522.911 GC heap before
{Heap before GC invocations=144 (full 0):
 garbage-first heap   total 324608K, used 259370K [0x0000000080000000, 0x0000000100000000)
  region size 1024K, 116 young (118784K), 1 survivors (1024K)
 Metaspace       used 157411K, capacity 162338K, committed 164864K, reserved 1191936K
  class space    used 19217K, capacity 21046K, committed 21760K, reserved 1048576K
}
Event: 12522.919 GC heap after
{Heap after GC invocations=145 (full 0):
 garbage-first heap   total 324608K, used 142030K [0x0000000080000000, 0x0000000100000000)
  region size 1024K, 2 young (2048K), 2 survivors (2048K)
 Metaspace       used 157411K, capacity 162338K, committed 164864K, reserved 1191936K
  class space    used 19217K, capacity 21046K, committed 21760K, reserved 1048576K
}
Event: 12523.830 GC heap before
{Heap before GC invocations=146 (full 0):
 garbage-first heap   total 324608K, used 261838K [0x0000000080000000, 0x0000000100000000)
  region size 1024K, 119 young (121856K), 2 survivors (2048K)
 Metaspace       used 157439K, capacity 162342K, committed 164864K, reserved 1191936K
  class space    used 19219K, capacity 21047K, committed 21760K, reserved 1048576K
}
Event: 12523.838 GC heap after
{Heap after GC invocations=147 (full 0):
 garbage-first heap   total 324608K, used 142508K [0x0000000080000000, 0x0000000100000000)
  region size 1024K, 2 young (2048K), 2 survivors (2048K)
 Metaspace       used 157439K, capacity 162342K, committed 164864K, reserved 1191936K
  class space    used 19219K, capacity 21047K, committed 21760K, reserved 1048576K
}
Event: 12523.897 GC heap before
{Heap before GC invocations=147 (full 0):
 garbage-first heap   total 324608K, used 155820K [0x0000000080000000, 0x0000000100000000)
  region size 1024K, 15 young (15360K), 2 survivors (2048K)
 Metaspace       used 157439K, capacity 162342K, committed 164864K, reserved 1191936K
  class space    used 19219K, capacity 21047K, committed 21760K, reserved 1048576K
}
Event: 12523.912 GC heap after
{Heap after GC invocations=148 (full 0):
 garbage-first heap   total 324608K, used 140772K [0x0000000080000000, 0x0000000100000000)
  region size 1024K, 2 young (2048K), 2 survivors (2048K)
 Metaspace       used 157439K, capacity 162342K, committed 164864K, reserved 1191936K
  class space    used 19219K, capacity 21047K, committed 21760K, reserved 1048576K
}
Event: 12524.609 GC heap before
{Heap before GC invocations=148 (full 0):
 garbage-first heap   total 324608K, used 265700K [0x0000000080000000, 0x0000000100000000)
  region size 1024K, 124 young (126976K), 2 survivors (2048K)
 Metaspace       used 157460K, capacity 162406K, committed 164864K, reserved 1191936K
  class space    used 19219K, capacity 21047K, committed 21760K, reserved 1048576K
}
Event: 12524.618 GC heap after
{Heap after GC invocations=149 (full 0):
 garbage-first heap   total 324608K, used 141199K [0x0000000080000000, 0x0000000100000000)
  region size 1024K, 2 young (2048K), 2 survivors (2048K)
 Metaspace       used 157460K, capacity 162406K, committed 164864K, reserved 1191936K
  class space    used 19219K, capacity 21047K, committed 21760K, reserved 1048576K
}
Event: 12527.961 GC heap before
{Heap before GC invocations=150 (full 0):
 garbage-first heap   total 324608K, used 292751K [0x0000000080000000, 0x0000000100000000)
  region size 1024K, 131 young (134144K), 2 survivors (2048K)
 Metaspace       used 157523K, capacity 162480K, committed 164864K, reserved 1191936K
  class space    used 19220K, capacity 21049K, committed 21760K, reserved 1048576K
}
Event: 12528.063 GC heap after
{Heap after GC invocations=151 (full 0):
 garbage-first heap   total 347136K, used 205370K [0x0000000080000000, 0x0000000100000000)
  region size 1024K, 17 young (17408K), 17 survivors (17408K)
 Metaspace       used 157523K, capacity 162480K, committed 164864K, reserved 1191936K
  class space    used 19220K, capacity 21049K, committed 21760K, reserved 1048576K
}
Event: 12528.072 GC heap before
{Heap before GC invocations=151 (full 0):
 garbage-first heap   total 347136K, used 206394K [0x0000000080000000, 0x0000000100000000)
  region size 1024K, 18 young (18432K), 17 survivors (17408K)
 Metaspace       used 157523K, capacity 162480K, committed 164864K, reserved 1191936K
  class space    used 19220K, capacity 21049K, committed 21760K, reserved 1048576K
}
Event: 12528.164 GC heap after
{Heap after GC invocations=152 (full 0):
 garbage-first heap   total 347136K, used 203751K [0x0000000080000000, 0x0000000100000000)
  region size 1024K, 2 young (2048K), 2 survivors (2048K)
 Metaspace       used 157523K, capacity 162480K, committed 164864K, reserved 1191936K
  class space    used 19220K, capacity 21049K, committed 21760K, reserved 1048576K
}
Event: 12528.494 GC heap before
{Heap before GC invocations=152 (full 0):
 garbage-first heap   total 347136K, used 270311K [0x0000000080000000, 0x0000000100000000)
  region size 1024K, 68 young (69632K), 2 survivors (2048K)
 Metaspace       used 157539K, capacity 162483K, committed 164864K, reserved 1191936K
  class space    used 19220K, capacity 21049K, committed 21760K, reserved 1048576K
}
Event: 12528.524 GC heap after
{Heap after GC invocations=153 (full 0):
 garbage-first heap   total 347136K, used 214016K [0x0000000080000000, 0x0000000100000000)
  region size 1024K, 9 young (9216K), 9 survivors (9216K)
 Metaspace       used 157539K, capacity 162483K, committed 164864K, reserved 1191936K
  class space    used 19220K, capacity 21049K, committed 21760K, reserved 1048576K
}
Event: 12529.272 GC heap before
{Heap before GC invocations=153 (full 0):
 garbage-first heap   total 347136K, used 286720K [0x0000000080000000, 0x0000000100000000)
  region size 1024K, 71 young (72704K), 9 survivors (9216K)
 Metaspace       used 157541K, capacity 162483K, committed 164864K, reserved 1191936K
  class space    used 19220K, capacity 21049K, committed 21760K, reserved 1048576K
}
Event: 12529.314 GC heap after
{Heap after GC invocations=154 (full 0):
 garbage-first heap   total 347136K, used 230955K [0x0000000080000000, 0x0000000100000000)
  region size 1024K, 8 young (8192K), 8 survivors (8192K)
 Metaspace       used 157541K, capacity 162483K, committed 164864K, reserved 1191936K
  class space    used 19220K, capacity 21049K, committed 21760K, reserved 1048576K
}
Event: 12529.463 GC heap before
{Heap before GC invocations=155 (full 0):
 garbage-first heap   total 347136K, used 294443K [0x0000000080000000, 0x0000000100000000)
  region size 1024K, 61 young (62464K), 8 survivors (8192K)
 Metaspace       used 157541K, capacity 162483K, committed 164864K, reserved 1191936K
  class space    used 19220K, capacity 21049K, committed 21760K, reserved 1048576K
}

